<?xml version="1.0" encoding="UTF-8"?>
<!-- Generated by org.testng.reporters.JUnitReportReporter -->
<testsuite hostname="DESKTOP-1DGLJKN" failures="0" tests="1" name="com.simplilearn.RegestrationForm" time="66.107" errors="0" timestamp="2022-03-30T16:28:33 IST" skipped="0">
  <testcase classname="com.simplilearn.RegestrationForm" name="invokeBrowser" time="66.107"/>
  <system-out/>
</testsuite> <!-- com.simplilearn.RegestrationForm -->
